[debug] [2021-11-15T04:34:58.016Z] ----------------------------------------------------------------------
[debug] [2021-11-15T04:34:58.024Z] Command:       C:\Program Files\nodejs\node.exe C:\Users\Shibin Khan\AppData\Roaming\npm\node_modules\firebase-tools\lib\bin\firebase.js deploy
[debug] [2021-11-15T04:34:58.025Z] CLI Version:   9.20.0
[debug] [2021-11-15T04:34:58.025Z] Platform:      win32
[debug] [2021-11-15T04:34:58.025Z] Node Version:  v14.17.6
[debug] [2021-11-15T04:34:58.027Z] Time:          Mon Nov 15 2021 10:34:58 GMT+0600 (Bangladesh Standard Time)
[debug] [2021-11-15T04:34:58.028Z] ----------------------------------------------------------------------
[debug] 
[debug] [2021-11-15T04:34:58.170Z] > command requires scopes: ["email","openid","https://www.googleapis.com/auth/cloudplatformprojects.readonly","https://www.googleapis.com/auth/firebase","https://www.googleapis.com/auth/cloud-platform"]
[debug] [2021-11-15T04:34:58.171Z] > authorizing via signed-in user (khanshibin500@gmail.com)
[debug] [2021-11-15T04:34:58.171Z] [iam] checking project skb-bike-shop for permissions ["firebase.projects.get","firebasehosting.sites.update"]
[debug] [2021-11-15T04:34:58.183Z] > refreshing access token with scopes: ["email","https://www.googleapis.com/auth/cloud-platform","https://www.googleapis.com/auth/cloudplatformprojects.readonly","https://www.googleapis.com/auth/firebase","openid"]
[debug] [2021-11-15T04:34:58.184Z] >>> HTTP REQUEST POST https://www.googleapis.com/oauth2/v3/token  
 <request body omitted>
[debug] [2021-11-15T04:34:58.845Z] <<< HTTP RESPONSE 200 {"date":"Mon, 15 Nov 2021 04:34:54 GMT","cache-control":"no-cache, no-store, max-age=0, must-revalidate","expires":"Mon, 01 Jan 1990 00:00:00 GMT","pragma":"no-cache","content-type":"application/json; charset=utf-8","vary":"X-Origin, Referer, Origin,Accept-Encoding","server":"scaffolding on HTTPServer2","x-xss-protection":"0","x-frame-options":"SAMEORIGIN","x-content-type-options":"nosniff","alt-svc":"clear","accept-ranges":"none","transfer-encoding":"chunked"}
[debug] [2021-11-15T04:34:58.884Z] >>> HTTP REQUEST POST https://cloudresourcemanager.googleapis.com/v1/projects/skb-bike-shop:testIamPermissions  
 {"permissions":["firebase.projects.get","firebasehosting.sites.update"]}
[debug] [2021-11-15T04:35:00.915Z] <<< HTTP RESPONSE 200 {"content-type":"application/json; charset=UTF-8","vary":"X-Origin, Referer, Origin,Accept-Encoding","date":"Mon, 15 Nov 2021 04:34:56 GMT","server":"ESF","cache-control":"private","x-xss-protection":"0","x-frame-options":"SAMEORIGIN","x-content-type-options":"nosniff","server-timing":"gfet4t7; dur=951","alt-svc":"clear","accept-ranges":"none","transfer-encoding":"chunked"}
[debug] [2021-11-15T04:35:00.920Z] > refreshing access token with scopes: []
[debug] [2021-11-15T04:35:00.920Z] >>> HTTP REQUEST POST https://www.googleapis.com/oauth2/v3/token  
 <request body omitted>
[debug] [2021-11-15T04:35:01.281Z] <<< HTTP RESPONSE 200 {"date":"Mon, 15 Nov 2021 04:34:57 GMT","expires":"Mon, 01 Jan 1990 00:00:00 GMT","pragma":"no-cache","cache-control":"no-cache, no-store, max-age=0, must-revalidate","content-type":"application/json; charset=utf-8","vary":"X-Origin, Referer, Origin,Accept-Encoding","server":"scaffolding on HTTPServer2","x-xss-protection":"0","x-frame-options":"SAMEORIGIN","x-content-type-options":"nosniff","alt-svc":"clear","accept-ranges":"none","transfer-encoding":"chunked"}
[debug] [2021-11-15T04:35:01.308Z] >>> [apiv2][query] GET https://firebase.googleapis.com/v1beta1/projects/skb-bike-shop [none]
[debug] [2021-11-15T04:35:02.456Z] <<< [apiv2][status] GET https://firebase.googleapis.com/v1beta1/projects/skb-bike-shop 200
[debug] [2021-11-15T04:35:02.458Z] <<< [apiv2][body] GET https://firebase.googleapis.com/v1beta1/projects/skb-bike-shop {"projectId":"skb-bike-shop","projectNumber":"725328418294","displayName":"skb bike shop","name":"projects/skb-bike-shop","resources":{"hostingSite":"skb-bike-shop"},"state":"ACTIVE"}
[info] 
[info] === Deploying to 'skb-bike-shop'...
[info] 
[info] i  deploying hosting 
[debug] [2021-11-15T04:35:02.472Z] > refreshing access token with scopes: ["email","https://www.googleapis.com/auth/cloud-platform","https://www.googleapis.com/auth/cloudplatformprojects.readonly","https://www.googleapis.com/auth/firebase","openid"]
[debug] [2021-11-15T04:35:02.472Z] >>> HTTP REQUEST POST https://www.googleapis.com/oauth2/v3/token  
 <request body omitted>
[debug] [2021-11-15T04:35:02.835Z] <<< HTTP RESPONSE 200 {"date":"Mon, 15 Nov 2021 04:34:58 GMT","cache-control":"no-cache, no-store, max-age=0, must-revalidate","pragma":"no-cache","expires":"Mon, 01 Jan 1990 00:00:00 GMT","content-type":"application/json; charset=utf-8","vary":"X-Origin, Referer, Origin,Accept-Encoding","server":"scaffolding on HTTPServer2","x-xss-protection":"0","x-frame-options":"SAMEORIGIN","x-content-type-options":"nosniff","alt-svc":"clear","accept-ranges":"none","transfer-encoding":"chunked"}
[debug] [2021-11-15T04:35:02.866Z] >>> HTTP REQUEST POST https://firebasehosting.googleapis.com/v1beta1/sites/skb-bike-shop/versions  
 {"config":{"rewrites":[{"glob":"**","path":"/index.html"}]},"labels":{"deployment-tool":"cli-firebase"}}
[debug] [2021-11-15T04:35:05.150Z] <<< HTTP RESPONSE 200 {"content-type":"application/json; charset=UTF-8","vary":"X-Origin, Referer, Origin,Accept-Encoding","date":"Mon, 15 Nov 2021 04:35:01 GMT","server":"ESF","cache-control":"private","x-xss-protection":"0","x-frame-options":"SAMEORIGIN","x-content-type-options":"nosniff","alt-svc":"clear","accept-ranges":"none","transfer-encoding":"chunked"}
[info] i  hosting[skb-bike-shop]: beginning deploy... 
[info] i  hosting[skb-bike-shop]: found 24 files in build 
[debug] [2021-11-15T04:35:05.786Z] > refreshing access token with scopes: []
[debug] [2021-11-15T04:35:05.786Z] >>> HTTP REQUEST POST https://www.googleapis.com/oauth2/v3/token  
 <request body omitted>
[debug] [2021-11-15T04:35:05.788Z] [hosting] hash cache [YnVpbGQ] stored for 24 files
[debug] [2021-11-15T04:35:05.789Z] [hosting][hash queue][FINAL] {"max":538,"min":25,"avg":116.875,"active":0,"complete":24,"success":24,"errored":0,"retried":0,"total":24,"elapsed":558}
[debug] [2021-11-15T04:35:06.266Z] <<< HTTP RESPONSE 200 {"pragma":"no-cache","expires":"Mon, 01 Jan 1990 00:00:00 GMT","date":"Mon, 15 Nov 2021 04:35:02 GMT","cache-control":"no-cache, no-store, max-age=0, must-revalidate","content-type":"application/json; charset=utf-8","vary":"X-Origin, Referer, Origin,Accept-Encoding","server":"scaffolding on HTTPServer2","x-xss-protection":"0","x-frame-options":"SAMEORIGIN","x-content-type-options":"nosniff","alt-svc":"clear","accept-ranges":"none","transfer-encoding":"chunked"}
[debug] [2021-11-15T04:35:06.291Z] >>> [apiv2][query] POST https://firebasehosting.googleapis.com/v1beta1/sites/skb-bike-shop/versions/f3ad2f8fe059bfba:populateFiles [none]
[debug] [2021-11-15T04:35:06.292Z] >>> [apiv2][body] POST https://firebasehosting.googleapis.com/v1beta1/sites/skb-bike-shop/versions/f3ad2f8fe059bfba:populateFiles {"files":{"/favicon.png":"7ccae34ab19f778ea30ec7840ef8d2191a1d3a65273827525ecf64bcc4bcc12c","/logo192.png":"3ee59515172ee198f3be375979df15ac5345183e656720a381b8872b2a39dc8b","/logo512.png":"ee7e2f3fdb8209c4b6fd7bef6ba50d1b9dba30a25bb5c3126df057e1cb6f5331","/manifest.json":"aff3449bdc238776f5d6d967f19ec491b36aed5fb7f23ccff6500736fd58494a","/robots.txt":"bfe106a3fb878dc83461c86818bf74fc1bdc7f28538ba613cd3e775516ce8b49","/asset-manifest.json":"5180d401d78c78acd3441b6b0d9ff1fbc57b2f44dead8f1b63d2f2dd0ad3e010","/index.html":"1b52bf868ec7d061b1f2a8fae7b4e9fa0bb4e71a56c87337f8456b40150e8f72","/static/css/main.d48b98a9.chunk.css":"2d46aee2650014270f6c1e9a904401d96b242f873dae8a08bc1298f30fc5d50a","/static/css/main.d48b98a9.chunk.css.map":"1c16488eac3d4a97a6c015ad223ab484ba8df6464847ab95b400cab54ab2388b","/static/js/2.dc0ea698.chunk.js.LICENSE.txt":"aea587baccbeb03e4b14386f5248ba83b32bc7d6da081537025be9ebb4ad69b5","/static/js/3.23f61f2d.chunk.js":"a038c59ea9fed927d4daf6cb4c6bd32bdad6b04075461f2a42938edfd529e842","/static/js/3.23f61f2d.chunk.js.map":"29094b48182df5ce20250c5fc3d32cc09bd1f331abc0ff68a5814b91007b4db4","/static/js/runtime-main.123718e6.js":"48cd974e2b3003d070e4cef22acd419582f53787263788c8da6277c42e6aada2","/static/js/runtime-main.123718e6.js.map":"52646d63cf59f6a285375060d403f677484e8d7d9071e2ffccf64301ac1476a7","/static/media/2350619-1.81d898ac.png":"33e7017514dee931f88d1c4a830a05c111856542785e50ee9b9599810e6ccba7","/static/media/580b57fcd9996e24bc43c521.36584f3a.png":"269dbc5041765acc6fbf2395ba720847268f9525b06131fd361877b97f533402","/static/js/main.1dd0a768.chunk.js":"a57393832c953b56efb5c9e3afc13fc8259d08d8db66840b64b90533e13bc0c2","/static/js/main.1dd0a768.chunk.js.map":"8446b7027e42da646ce9106318eda986ef7f6e200ad4ae1bbfdbdf0580a773e1","/static/media/slider (2).123b4c76.jpg":"0704b4522c78344f492ba5335212252b414e730cc01d8cc28d142320a4c65e65","/static/js/2.dc0ea698.chunk.js":"060680b4c6f3f9e371188d96e2f4259a1bef85d078127b752bc5f593a411bc8a","/static/media/slider (1).22bedd30.jpg":"12e89445c25cb63facd26ea2872b5ce8918638742b5bc1b907b55c7fa3290997","/static/media/slider (3).cc246708.jpg":"452be6b44d8a54d54d409a5da910549dee9c3df4d84b1a4cf595f7f09b2de517","/static/media/sm.3529d781.png":"2244edc12208aecbe9b57c16f9eaf93d747f95fb65aad946c280ce58df5fa21e","/static/js/2.dc0ea698.chunk.js.map":"5a4307f58972b5c7998ffefc4e558ef82ef85d02bbadaebf09ea5a907a4f7dcc"}}
[debug] [2021-11-15T04:35:08.232Z] <<< [apiv2][status] POST https://firebasehosting.googleapis.com/v1beta1/sites/skb-bike-shop/versions/f3ad2f8fe059bfba:populateFiles 200
[debug] [2021-11-15T04:35:08.232Z] <<< [apiv2][body] POST https://firebasehosting.googleapis.com/v1beta1/sites/skb-bike-shop/versions/f3ad2f8fe059bfba:populateFiles {"uploadRequiredHashes":["8446b7027e42da646ce9106318eda986ef7f6e200ad4ae1bbfdbdf0580a773e1","5180d401d78c78acd3441b6b0d9ff1fbc57b2f44dead8f1b63d2f2dd0ad3e010","1b52bf868ec7d061b1f2a8fae7b4e9fa0bb4e71a56c87337f8456b40150e8f72","a57393832c953b56efb5c9e3afc13fc8259d08d8db66840b64b90533e13bc0c2"],"uploadUrl":"https://upload-firebasehosting.googleapis.com/upload/sites/skb-bike-shop/versions/f3ad2f8fe059bfba/files"}
[debug] [2021-11-15T04:35:08.234Z] >>> [apiv2][query] POST https://upload-firebasehosting.googleapis.com/upload/sites/skb-bike-shop/versions/f3ad2f8fe059bfba/files/8446b7027e42da646ce9106318eda986ef7f6e200ad4ae1bbfdbdf0580a773e1 [none]
[debug] [2021-11-15T04:35:08.235Z] >>> [apiv2][body] POST https://upload-firebasehosting.googleapis.com/upload/sites/skb-bike-shop/versions/f3ad2f8fe059bfba/files/8446b7027e42da646ce9106318eda986ef7f6e200ad4ae1bbfdbdf0580a773e1 [stream]
[debug] [2021-11-15T04:35:08.238Z] >>> [apiv2][query] POST https://upload-firebasehosting.googleapis.com/upload/sites/skb-bike-shop/versions/f3ad2f8fe059bfba/files/5180d401d78c78acd3441b6b0d9ff1fbc57b2f44dead8f1b63d2f2dd0ad3e010 [none]
[debug] [2021-11-15T04:35:08.238Z] >>> [apiv2][body] POST https://upload-firebasehosting.googleapis.com/upload/sites/skb-bike-shop/versions/f3ad2f8fe059bfba/files/5180d401d78c78acd3441b6b0d9ff1fbc57b2f44dead8f1b63d2f2dd0ad3e010 [stream]
[debug] [2021-11-15T04:35:08.241Z] >>> [apiv2][query] POST https://upload-firebasehosting.googleapis.com/upload/sites/skb-bike-shop/versions/f3ad2f8fe059bfba/files/1b52bf868ec7d061b1f2a8fae7b4e9fa0bb4e71a56c87337f8456b40150e8f72 [none]
[debug] [2021-11-15T04:35:08.241Z] >>> [apiv2][body] POST https://upload-firebasehosting.googleapis.com/upload/sites/skb-bike-shop/versions/f3ad2f8fe059bfba/files/1b52bf868ec7d061b1f2a8fae7b4e9fa0bb4e71a56c87337f8456b40150e8f72 [stream]
[debug] [2021-11-15T04:35:08.244Z] >>> [apiv2][query] POST https://upload-firebasehosting.googleapis.com/upload/sites/skb-bike-shop/versions/f3ad2f8fe059bfba/files/a57393832c953b56efb5c9e3afc13fc8259d08d8db66840b64b90533e13bc0c2 [none]
[debug] [2021-11-15T04:35:08.245Z] >>> [apiv2][body] POST https://upload-firebasehosting.googleapis.com/upload/sites/skb-bike-shop/versions/f3ad2f8fe059bfba/files/a57393832c953b56efb5c9e3afc13fc8259d08d8db66840b64b90533e13bc0c2 [stream]
[debug] [2021-11-15T04:35:08.248Z] [hosting][populate queue][FINAL] {"max":2449,"min":2449,"avg":2449,"active":0,"complete":1,"success":1,"errored":0,"retried":0,"total":1,"elapsed":2463}
[debug] [2021-11-15T04:35:08.249Z] [hosting] uploads queued: 4
[debug] [2021-11-15T04:35:11.824Z] <<< [apiv2][status] POST https://upload-firebasehosting.googleapis.com/upload/sites/skb-bike-shop/versions/f3ad2f8fe059bfba/files/1b52bf868ec7d061b1f2a8fae7b4e9fa0bb4e71a56c87337f8456b40150e8f72 200
[debug] [2021-11-15T04:35:11.824Z] <<< [apiv2][body] POST https://upload-firebasehosting.googleapis.com/upload/sites/skb-bike-shop/versions/f3ad2f8fe059bfba/files/1b52bf868ec7d061b1f2a8fae7b4e9fa0bb4e71a56c87337f8456b40150e8f72 [stream]
[debug] [2021-11-15T04:35:12.202Z] <<< [apiv2][status] POST https://upload-firebasehosting.googleapis.com/upload/sites/skb-bike-shop/versions/f3ad2f8fe059bfba/files/8446b7027e42da646ce9106318eda986ef7f6e200ad4ae1bbfdbdf0580a773e1 200
[debug] [2021-11-15T04:35:12.203Z] <<< [apiv2][body] POST https://upload-firebasehosting.googleapis.com/upload/sites/skb-bike-shop/versions/f3ad2f8fe059bfba/files/8446b7027e42da646ce9106318eda986ef7f6e200ad4ae1bbfdbdf0580a773e1 [stream]
[debug] [2021-11-15T04:35:12.769Z] <<< [apiv2][status] POST https://upload-firebasehosting.googleapis.com/upload/sites/skb-bike-shop/versions/f3ad2f8fe059bfba/files/a57393832c953b56efb5c9e3afc13fc8259d08d8db66840b64b90533e13bc0c2 200
[debug] [2021-11-15T04:35:12.770Z] <<< [apiv2][body] POST https://upload-firebasehosting.googleapis.com/upload/sites/skb-bike-shop/versions/f3ad2f8fe059bfba/files/a57393832c953b56efb5c9e3afc13fc8259d08d8db66840b64b90533e13bc0c2 [stream]
[debug] [2021-11-15T04:35:13.284Z] <<< [apiv2][status] POST https://upload-firebasehosting.googleapis.com/upload/sites/skb-bike-shop/versions/f3ad2f8fe059bfba/files/5180d401d78c78acd3441b6b0d9ff1fbc57b2f44dead8f1b63d2f2dd0ad3e010 200
[debug] [2021-11-15T04:35:13.284Z] <<< [apiv2][body] POST https://upload-firebasehosting.googleapis.com/upload/sites/skb-bike-shop/versions/f3ad2f8fe059bfba/files/5180d401d78c78acd3441b6b0d9ff1fbc57b2f44dead8f1b63d2f2dd0ad3e010 [stream]
[debug] [2021-11-15T04:35:13.285Z] [hosting][upload queue][FINAL] {"max":5052,"min":3591,"avg":4288.25,"active":0,"complete":4,"success":4,"errored":0,"retried":0,"total":4,"elapsed":5053}
[info] +  hosting[skb-bike-shop]: file upload complete 
[debug] [2021-11-15T04:35:13.288Z] [hosting] deploy completed after 8134ms
[debug] [2021-11-15T04:35:13.299Z] [
  {
    "config": {
      "public": "build",
      "ignore": [
        "firebase.json",
        "**/.*",
        "**/node_modules/**"
      ],
      "rewrites": [
        {
          "source": "**",
          "destination": "/index.html"
        }
      ],
      "site": "skb-bike-shop"
    },
    "site": "skb-bike-shop",
    "version": "sites/skb-bike-shop/versions/f3ad2f8fe059bfba"
  }
]
[info] i  hosting[skb-bike-shop]: finalizing version... 
[debug] [2021-11-15T04:35:13.302Z] > refreshing access token with scopes: ["email","https://www.googleapis.com/auth/cloud-platform","https://www.googleapis.com/auth/cloudplatformprojects.readonly","https://www.googleapis.com/auth/firebase","openid"]
[debug] [2021-11-15T04:35:13.303Z] >>> HTTP REQUEST POST https://www.googleapis.com/oauth2/v3/token  
 <request body omitted>
[debug] [2021-11-15T04:35:13.725Z] <<< HTTP RESPONSE 200 {"expires":"Mon, 01 Jan 1990 00:00:00 GMT","cache-control":"no-cache, no-store, max-age=0, must-revalidate","date":"Mon, 15 Nov 2021 04:35:09 GMT","pragma":"no-cache","content-type":"application/json; charset=utf-8","vary":"X-Origin, Referer, Origin,Accept-Encoding","server":"scaffolding on HTTPServer2","x-xss-protection":"0","x-frame-options":"SAMEORIGIN","x-content-type-options":"nosniff","alt-svc":"clear","accept-ranges":"none","transfer-encoding":"chunked"}
[debug] [2021-11-15T04:35:13.746Z] >>> HTTP REQUEST PATCH https://firebasehosting.googleapis.com/v1beta1/sites/skb-bike-shop/versions/f3ad2f8fe059bfba?updateMask=status  
 {"status":"FINALIZED"}
[debug] [2021-11-15T04:35:15.581Z] <<< HTTP RESPONSE 200 {"content-type":"application/json; charset=UTF-8","vary":"X-Origin, Referer, Origin,Accept-Encoding","date":"Mon, 15 Nov 2021 04:35:11 GMT","server":"ESF","cache-control":"private","x-xss-protection":"0","x-frame-options":"SAMEORIGIN","x-content-type-options":"nosniff","alt-svc":"clear","accept-ranges":"none","transfer-encoding":"chunked"}
[debug] [2021-11-15T04:35:15.582Z] [hosting] finalized version for skb-bike-shop: {"name":"sites/skb-bike-shop/versions/f3ad2f8fe059bfba","status":"FINALIZED","config":{"rewrites":[{"glob":"**","path":"/index.html"}]},"labels":{"deployment-tool":"cli-firebase"},"createTime":"2021-11-15T04:35:00.970236Z","createUser":{"email":"khanshibin500@gmail.com"},"finalizeTime":"2021-11-15T04:35:11.439257Z","finalizeUser":{"email":"khanshibin500@gmail.com"}}
[info] +  hosting[skb-bike-shop]: version finalized 
[info] i  hosting[skb-bike-shop]: releasing new version... 
[debug] [2021-11-15T04:35:15.586Z] >>> HTTP REQUEST POST https://firebasehosting.googleapis.com/v1beta1/sites/skb-bike-shop/releases?version_name=sites/skb-bike-shop/versions/f3ad2f8fe059bfba  
 {"message":null}
[debug] [2021-11-15T04:35:17.529Z] <<< HTTP RESPONSE 200 {"content-type":"application/json; charset=UTF-8","vary":"X-Origin, Referer, Origin,Accept-Encoding","date":"Mon, 15 Nov 2021 04:35:13 GMT","server":"ESF","cache-control":"private","x-xss-protection":"0","x-frame-options":"SAMEORIGIN","x-content-type-options":"nosniff","alt-svc":"clear","accept-ranges":"none","transfer-encoding":"chunked"}
[debug] [2021-11-15T04:35:17.530Z] [hosting] release: {"name":"sites/skb-bike-shop/releases/1636950913015411","version":{"name":"sites/skb-bike-shop/versions/f3ad2f8fe059bfba","status":"FINALIZED","config":{"rewrites":[{"glob":"**","path":"/index.html"}]},"labels":{"deployment-tool":"cli-firebase"},"createTime":"2021-11-15T04:35:00.970236Z","createUser":{"email":"khanshibin500@gmail.com"},"finalizeTime":"2021-11-15T04:35:11.439257Z","finalizeUser":{"email":"khanshibin500@gmail.com"}},"type":"DEPLOY","releaseTime":"2021-11-15T04:35:13.015411544Z","releaseUser":{"email":"khanshibin500@gmail.com"}}
[info] +  hosting[skb-bike-shop]: release complete 
[info] 
[info] +  Deploy complete! 
[info] 
[info] Project Console: https://console.firebase.google.com/project/skb-bike-shop/overview
[info] Hosting URL: https://skb-bike-shop.web.app
